c:\users\bipin thakur\source\repos\assignment15\assignment15\debug\vc141.pdb
c:\users\bipin thakur\source\repos\assignment15\assignment15\debug\vc141.idb
c:\users\bipin thakur\source\repos\assignment15\assignment15\debug\helper1.obj
c:\users\bipin thakur\source\repos\assignment15\assignment15\debug\mainfile.obj
c:\users\bipin thakur\source\repos\assignment15\assignment15\debug\helper2.obj
c:\users\bipin thakur\source\repos\assignment15\assignment15\debug\helper3.obj
c:\users\bipin thakur\source\repos\assignment15\assignment15\debug\helper4.obj
c:\users\bipin thakur\source\repos\assignment15\assignment15\debug\helper5.obj
c:\users\bipin thakur\source\repos\assignment15\assignment15\debug\helper6.obj
c:\users\bipin thakur\source\repos\assignment15\assignment15\debug\helper7.obj
c:\users\bipin thakur\source\repos\assignment15\assignment15\debug\helper8.obj
c:\users\bipin thakur\source\repos\assignment15\debug\assignment15.exe
c:\users\bipin thakur\source\repos\assignment15\debug\assignment15.ilk
c:\users\bipin thakur\source\repos\assignment15\debug\assignment15.pdb
c:\users\bipin thakur\source\repos\assignment15\assignment15\debug\assignment15.tlog\cl.command.1.tlog
c:\users\bipin thakur\source\repos\assignment15\assignment15\debug\assignment15.tlog\cl.read.1.tlog
c:\users\bipin thakur\source\repos\assignment15\assignment15\debug\assignment15.tlog\cl.write.1.tlog
c:\users\bipin thakur\source\repos\assignment15\assignment15\debug\assignment15.tlog\link-cvtres.read.1.tlog
c:\users\bipin thakur\source\repos\assignment15\assignment15\debug\assignment15.tlog\link-cvtres.write.1.tlog
c:\users\bipin thakur\source\repos\assignment15\assignment15\debug\assignment15.tlog\link-rc.read.1.tlog
c:\users\bipin thakur\source\repos\assignment15\assignment15\debug\assignment15.tlog\link-rc.write.1.tlog
c:\users\bipin thakur\source\repos\assignment15\assignment15\debug\assignment15.tlog\link.10268-cvtres.read.1.tlog
c:\users\bipin thakur\source\repos\assignment15\assignment15\debug\assignment15.tlog\link.10268-cvtres.write.1.tlog
c:\users\bipin thakur\source\repos\assignment15\assignment15\debug\assignment15.tlog\link.10268-rc.read.1.tlog
c:\users\bipin thakur\source\repos\assignment15\assignment15\debug\assignment15.tlog\link.10268-rc.write.1.tlog
c:\users\bipin thakur\source\repos\assignment15\assignment15\debug\assignment15.tlog\link.10268.read.1.tlog
c:\users\bipin thakur\source\repos\assignment15\assignment15\debug\assignment15.tlog\link.10268.write.1.tlog
c:\users\bipin thakur\source\repos\assignment15\assignment15\debug\assignment15.tlog\link.command.1.tlog
c:\users\bipin thakur\source\repos\assignment15\assignment15\debug\assignment15.tlog\link.read.1.tlog
c:\users\bipin thakur\source\repos\assignment15\assignment15\debug\assignment15.tlog\link.write.1.tlog
