c:\users\bipin thakur\source\repos\assignment10\assignment10\debug\vc141.pdb
c:\users\bipin thakur\source\repos\assignment10\assignment10\debug\vc141.idb
c:\users\bipin thakur\source\repos\assignment10\assignment10\debug\helper1.obj
c:\users\bipin thakur\source\repos\assignment10\assignment10\debug\mainfile.obj
c:\users\bipin thakur\source\repos\assignment10\assignment10\debug\helper2.obj
c:\users\bipin thakur\source\repos\assignment10\assignment10\debug\helper3.obj
c:\users\bipin thakur\source\repos\assignment10\assignment10\debug\helper4.obj
c:\users\bipin thakur\source\repos\assignment10\assignment10\debug\helper5.obj
c:\users\bipin thakur\source\repos\assignment10\assignment10\debug\helper6.obj
c:\users\bipin thakur\source\repos\assignment10\assignment10\debug\helper7.obj
c:\users\bipin thakur\source\repos\assignment10\debug\assignment10.exe
c:\users\bipin thakur\source\repos\assignment10\debug\assignment10.ilk
c:\users\bipin thakur\source\repos\assignment10\debug\assignment10.pdb
c:\users\bipin thakur\source\repos\assignment10\assignment10\debug\assignment10.tlog\cl.command.1.tlog
c:\users\bipin thakur\source\repos\assignment10\assignment10\debug\assignment10.tlog\cl.read.1.tlog
c:\users\bipin thakur\source\repos\assignment10\assignment10\debug\assignment10.tlog\cl.write.1.tlog
c:\users\bipin thakur\source\repos\assignment10\assignment10\debug\assignment10.tlog\link-cvtres.read.1.tlog
c:\users\bipin thakur\source\repos\assignment10\assignment10\debug\assignment10.tlog\link-cvtres.write.1.tlog
c:\users\bipin thakur\source\repos\assignment10\assignment10\debug\assignment10.tlog\link-rc.read.1.tlog
c:\users\bipin thakur\source\repos\assignment10\assignment10\debug\assignment10.tlog\link-rc.write.1.tlog
c:\users\bipin thakur\source\repos\assignment10\assignment10\debug\assignment10.tlog\link.2840-cvtres.read.1.tlog
c:\users\bipin thakur\source\repos\assignment10\assignment10\debug\assignment10.tlog\link.2840-cvtres.write.1.tlog
c:\users\bipin thakur\source\repos\assignment10\assignment10\debug\assignment10.tlog\link.2840-rc.read.1.tlog
c:\users\bipin thakur\source\repos\assignment10\assignment10\debug\assignment10.tlog\link.2840-rc.write.1.tlog
c:\users\bipin thakur\source\repos\assignment10\assignment10\debug\assignment10.tlog\link.2840.read.1.tlog
c:\users\bipin thakur\source\repos\assignment10\assignment10\debug\assignment10.tlog\link.2840.write.1.tlog
c:\users\bipin thakur\source\repos\assignment10\assignment10\debug\assignment10.tlog\link.command.1.tlog
c:\users\bipin thakur\source\repos\assignment10\assignment10\debug\assignment10.tlog\link.read.1.tlog
c:\users\bipin thakur\source\repos\assignment10\assignment10\debug\assignment10.tlog\link.write.1.tlog
