c:\users\bipin thakur\source\repos\assignment6\assignment6\debug\vc141.pdb
c:\users\bipin thakur\source\repos\assignment6\assignment6\debug\vc141.idb
c:\users\bipin thakur\source\repos\assignment6\assignment6\debug\mainfile.obj
c:\users\bipin thakur\source\repos\assignment6\assignment6\debug\helper.obj
c:\users\bipin thakur\source\repos\assignment6\assignment6\debug\helper2.obj
c:\users\bipin thakur\source\repos\assignment6\assignment6\debug\helper3.obj
c:\users\bipin thakur\source\repos\assignment6\assignment6\debug\helper4.obj
c:\users\bipin thakur\source\repos\assignment6\assignment6\debug\helper5.obj
c:\users\bipin thakur\source\repos\assignment6\assignment6\debug\helper6.obj
c:\users\bipin thakur\source\repos\assignment6\assignment6\debug\helper7.obj
c:\users\bipin thakur\source\repos\assignment6\assignment6\debug\helper8.obj
c:\users\bipin thakur\source\repos\assignment6\assignment6\debug\helper9.obj
c:\users\bipin thakur\source\repos\assignment6\assignment6\debug\helper10.obj
c:\users\bipin thakur\source\repos\assignment6\debug\assignment6.exe
c:\users\bipin thakur\source\repos\assignment6\debug\assignment6.ilk
c:\users\bipin thakur\source\repos\assignment6\debug\assignment6.pdb
c:\users\bipin thakur\source\repos\assignment6\assignment6\debug\helper10.obj.enc
c:\users\bipin thakur\source\repos\assignment6\assignment6\debug\assignment6.tlog\cl.command.1.tlog
c:\users\bipin thakur\source\repos\assignment6\assignment6\debug\assignment6.tlog\cl.read.1.tlog
c:\users\bipin thakur\source\repos\assignment6\assignment6\debug\assignment6.tlog\cl.write.1.tlog
c:\users\bipin thakur\source\repos\assignment6\assignment6\debug\assignment6.tlog\link.command.1.tlog
c:\users\bipin thakur\source\repos\assignment6\assignment6\debug\assignment6.tlog\link.read.1.tlog
c:\users\bipin thakur\source\repos\assignment6\assignment6\debug\assignment6.tlog\link.write.1.tlog
