  mainfile.cpp
c:\users\bipin thakur\source\repos\assignment12\assignment12\mainfile.cpp(101): error C2664: 'void SwapX(char,char)': cannot convert argument 1 from 'char *' to 'char'
  c:\users\bipin thakur\source\repos\assignment12\assignment12\mainfile.cpp(101): note: There is no context in which this conversion is possible
c:\users\bipin thakur\source\repos\assignment12\assignment12\mainfile.cpp(96): warning C4477: 'scanf_s' : format string '%c' requires an argument of type 'char *', but variadic argument 1 has type 'char **'
  c:\users\bipin thakur\source\repos\assignment12\assignment12\mainfile.cpp(96): note: this argument is used by a conversion specifier
c:\users\bipin thakur\source\repos\assignment12\assignment12\mainfile.cpp(96): warning C4473: 'scanf_s' : not enough arguments passed for format string
  c:\users\bipin thakur\source\repos\assignment12\assignment12\mainfile.cpp(96): note: placeholders and their parameters expect 2 variadic arguments, but 1 were provided
  c:\users\bipin thakur\source\repos\assignment12\assignment12\mainfile.cpp(96): note: the missing variadic argument 2 is required by format string '%c'
  c:\users\bipin thakur\source\repos\assignment12\assignment12\mainfile.cpp(96): note: this argument is used as a buffer size
c:\users\bipin thakur\source\repos\assignment12\assignment12\mainfile.cpp(99): warning C4477: 'scanf_s' : format string '%c' requires an argument of type 'char *', but variadic argument 1 has type 'char **'
  c:\users\bipin thakur\source\repos\assignment12\assignment12\mainfile.cpp(99): note: this argument is used by a conversion specifier
c:\users\bipin thakur\source\repos\assignment12\assignment12\mainfile.cpp(99): warning C4473: 'scanf_s' : not enough arguments passed for format string
  c:\users\bipin thakur\source\repos\assignment12\assignment12\mainfile.cpp(99): note: placeholders and their parameters expect 2 variadic arguments, but 1 were provided
  c:\users\bipin thakur\source\repos\assignment12\assignment12\mainfile.cpp(99): note: the missing variadic argument 2 is required by format string '%c'
  c:\users\bipin thakur\source\repos\assignment12\assignment12\mainfile.cpp(99): note: this argument is used as a buffer size
  helper9.cpp
  helper8.cpp
  helper7.cpp
  helper6.cpp
  helper5.cpp
c:\users\bipin thakur\source\repos\assignment12\assignment12\helper5.cpp(4): warning C4244: 'initializing': conversion from 'double' to 'int', possible loss of data
  helper4.cpp
  helper3.cpp
  helper2.cpp
  helper10.cpp
  helper1.cpp
  Generating Code...
