c:\users\bipin thakur\source\repos\assignment11\assignment11\debug\vc141.pdb
c:\users\bipin thakur\source\repos\assignment11\assignment11\debug\vc141.idb
c:\users\bipin thakur\source\repos\assignment11\assignment11\debug\helper1.obj
c:\users\bipin thakur\source\repos\assignment11\assignment11\debug\helper2.obj
c:\users\bipin thakur\source\repos\assignment11\assignment11\debug\helper4.obj
c:\users\bipin thakur\source\repos\assignment11\assignment11\debug\mainfile.obj
c:\users\bipin thakur\source\repos\assignment11\assignment11\debug\helper5.obj
c:\users\bipin thakur\source\repos\assignment11\assignment11\debug\helper6.obj
c:\users\bipin thakur\source\repos\assignment11\assignment11\debug\helper7.obj
c:\users\bipin thakur\source\repos\assignment11\assignment11\debug\helper8.obj
c:\users\bipin thakur\source\repos\assignment11\assignment11\debug\helper9.obj
c:\users\bipin thakur\source\repos\assignment11\debug\assignment11.exe
c:\users\bipin thakur\source\repos\assignment11\debug\assignment11.ilk
c:\users\bipin thakur\source\repos\assignment11\debug\assignment11.pdb
c:\users\bipin thakur\source\repos\assignment11\assignment11\debug\assignment11.tlog\cl.command.1.tlog
c:\users\bipin thakur\source\repos\assignment11\assignment11\debug\assignment11.tlog\cl.read.1.tlog
c:\users\bipin thakur\source\repos\assignment11\assignment11\debug\assignment11.tlog\cl.write.1.tlog
c:\users\bipin thakur\source\repos\assignment11\assignment11\debug\assignment11.tlog\link.2424-cvtres.read.1.tlog
c:\users\bipin thakur\source\repos\assignment11\assignment11\debug\assignment11.tlog\link.2424-cvtres.write.1.tlog
c:\users\bipin thakur\source\repos\assignment11\assignment11\debug\assignment11.tlog\link.2424-rc.read.1.tlog
c:\users\bipin thakur\source\repos\assignment11\assignment11\debug\assignment11.tlog\link.2424-rc.write.1.tlog
c:\users\bipin thakur\source\repos\assignment11\assignment11\debug\assignment11.tlog\link.2424.read.1.tlog
c:\users\bipin thakur\source\repos\assignment11\assignment11\debug\assignment11.tlog\link.2424.write.1.tlog
c:\users\bipin thakur\source\repos\assignment11\assignment11\debug\assignment11.tlog\link.command.1.tlog
c:\users\bipin thakur\source\repos\assignment11\assignment11\debug\assignment11.tlog\link.read.1.tlog
c:\users\bipin thakur\source\repos\assignment11\assignment11\debug\assignment11.tlog\link.write.1.tlog
