c:\users\bipin thakur\source\repos\assignment13\assignment13\debug\vc141.pdb
c:\users\bipin thakur\source\repos\assignment13\assignment13\debug\vc141.idb
c:\users\bipin thakur\source\repos\assignment13\assignment13\debug\helper10.obj
c:\users\bipin thakur\source\repos\assignment13\assignment13\debug\helper6.obj
c:\users\bipin thakur\source\repos\assignment13\assignment13\debug\helper1.obj
c:\users\bipin thakur\source\repos\assignment13\assignment13\debug\helper2.obj
c:\users\bipin thakur\source\repos\assignment13\assignment13\debug\helper3.obj
c:\users\bipin thakur\source\repos\assignment13\assignment13\debug\helper4.obj
c:\users\bipin thakur\source\repos\assignment13\assignment13\debug\helper5.obj
c:\users\bipin thakur\source\repos\assignment13\assignment13\debug\helper7.obj
c:\users\bipin thakur\source\repos\assignment13\assignment13\debug\helper8.obj
c:\users\bipin thakur\source\repos\assignment13\assignment13\debug\helper9.obj
c:\users\bipin thakur\source\repos\assignment13\assignment13\debug\mainfile.obj
c:\users\bipin thakur\source\repos\assignment13\debug\assignment13.exe
c:\users\bipin thakur\source\repos\assignment13\debug\assignment13.ilk
c:\users\bipin thakur\source\repos\assignment13\debug\assignment13.pdb
c:\users\bipin thakur\source\repos\assignment13\assignment13\debug\assignment13.tlog\cl.command.1.tlog
c:\users\bipin thakur\source\repos\assignment13\assignment13\debug\assignment13.tlog\cl.read.1.tlog
c:\users\bipin thakur\source\repos\assignment13\assignment13\debug\assignment13.tlog\cl.write.1.tlog
c:\users\bipin thakur\source\repos\assignment13\assignment13\debug\assignment13.tlog\link.command.1.tlog
c:\users\bipin thakur\source\repos\assignment13\assignment13\debug\assignment13.tlog\link.read.1.tlog
c:\users\bipin thakur\source\repos\assignment13\assignment13\debug\assignment13.tlog\link.write.1.tlog
