c:\users\bipin thakur\source\repos\assignment4\assignment4\debug\vc141.pdb
c:\users\bipin thakur\source\repos\assignment4\assignment4\debug\vc141.idb
c:\users\bipin thakur\source\repos\assignment4\assignment4\debug\addevendigit.obj
c:\users\bipin thakur\source\repos\assignment4\assignment4\debug\additionofoddnumber.obj
c:\users\bipin thakur\source\repos\assignment4\assignment4\debug\checkdigitoccurence.obj
c:\users\bipin thakur\source\repos\assignment4\assignment4\debug\checkzerooccurences.obj
c:\users\bipin thakur\source\repos\assignment4\assignment4\debug\comparingdigit.obj
c:\users\bipin thakur\source\repos\assignment4\assignment4\debug\countnoofzero.obj
c:\users\bipin thakur\source\repos\assignment4\assignment4\debug\differencebetweenevenodd.obj
c:\users\bipin thakur\source\repos\assignment4\assignment4\debug\digit_mainfile.obj
c:\users\bipin thakur\source\repos\assignment4\assignment4\debug\digitmult.obj
c:\users\bipin thakur\source\repos\assignment4\assignment4\debug\reversenumber.obj
c:\users\bipin thakur\source\repos\assignment4\assignment4\debug\decimaltocharacter.obj
c:\users\bipin thakur\source\repos\assignment4\assignment4\debug\assignment4.exe
c:\users\bipin thakur\source\repos\assignment4\assignment4\debug\assignment4.ilk
c:\users\bipin thakur\source\repos\assignment4\assignment4\debug\assignment4.pdb
c:\users\bipin thakur\source\repos\assignment4\assignment4\debug\assignment4.tlog\cl.command.1.tlog
c:\users\bipin thakur\source\repos\assignment4\assignment4\debug\assignment4.tlog\cl.read.1.tlog
c:\users\bipin thakur\source\repos\assignment4\assignment4\debug\assignment4.tlog\cl.write.1.tlog
c:\users\bipin thakur\source\repos\assignment4\assignment4\debug\assignment4.tlog\link.command.1.tlog
c:\users\bipin thakur\source\repos\assignment4\assignment4\debug\assignment4.tlog\link.read.1.tlog
c:\users\bipin thakur\source\repos\assignment4\assignment4\debug\assignment4.tlog\link.write.1.tlog
