c:\users\bipin thakur\source\repos\assignment7\assignment7\debug\vc141.pdb
c:\users\bipin thakur\source\repos\assignment7\assignment7\debug\vc141.idb
c:\users\bipin thakur\source\repos\assignment7\assignment7\debug\helper.obj
c:\users\bipin thakur\source\repos\assignment7\assignment7\debug\helper10.obj
c:\users\bipin thakur\source\repos\assignment7\assignment7\debug\helper2.obj
c:\users\bipin thakur\source\repos\assignment7\assignment7\debug\helper3.obj
c:\users\bipin thakur\source\repos\assignment7\assignment7\debug\helper4.obj
c:\users\bipin thakur\source\repos\assignment7\assignment7\debug\helper5.obj
c:\users\bipin thakur\source\repos\assignment7\assignment7\debug\helper6.obj
c:\users\bipin thakur\source\repos\assignment7\assignment7\debug\helper7.obj
c:\users\bipin thakur\source\repos\assignment7\assignment7\debug\helper8.obj
c:\users\bipin thakur\source\repos\assignment7\assignment7\debug\mainfile.obj
c:\users\bipin thakur\source\repos\assignment7\assignment7\debug\helper9.obj
c:\users\bipin thakur\source\repos\assignment7\debug\assignment7.pdb
c:\users\bipin thakur\source\repos\assignment7\assignment7\debug\assignment7.tlog\cl.command.1.tlog
c:\users\bipin thakur\source\repos\assignment7\assignment7\debug\assignment7.tlog\cl.read.1.tlog
c:\users\bipin thakur\source\repos\assignment7\assignment7\debug\assignment7.tlog\cl.write.1.tlog
c:\users\bipin thakur\source\repos\assignment7\assignment7\debug\assignment7.tlog\link-cvtres.read.1.tlog
c:\users\bipin thakur\source\repos\assignment7\assignment7\debug\assignment7.tlog\link-cvtres.write.1.tlog
c:\users\bipin thakur\source\repos\assignment7\assignment7\debug\assignment7.tlog\link-rc.read.1.tlog
c:\users\bipin thakur\source\repos\assignment7\assignment7\debug\assignment7.tlog\link-rc.write.1.tlog
c:\users\bipin thakur\source\repos\assignment7\assignment7\debug\assignment7.tlog\link.command.1.tlog
c:\users\bipin thakur\source\repos\assignment7\assignment7\debug\assignment7.tlog\link.read.1.tlog
c:\users\bipin thakur\source\repos\assignment7\assignment7\debug\assignment7.tlog\link.write.1.tlog
